         [-0.2181, -0.9759],
         [ 0.0000,  0.0000],
         [ 0.0000,  0.0000],
         [ 0.0000,  0.0000],
         [ 0.0000,  0.0000],
         [ 0.0000,  0.0000]]])
^^--> 0 OP2 res C group 0 compare  tensor([29.6149, 36.8916, 42.6567])  in:  tensor([29.6170, 36.8990, 42.6580]) RMSD  0.007772309705796946
^^--> 0 P res C group 0 compare  tensor([29.2080, 35.4890, 42.4170])  in:  tensor([29.2080, 35.4890, 42.4170]) RMSD  0.0
^^--> 0 OP1 res C group 0 compare  tensor([27.9134, 35.1985, 41.7453])  in:  tensor([27.9210, 35.1900, 41.7490]) RMSD  0.012052882371101092
^^--> 0 O5' res C group 0 compare  tensor([29.2183, 34.7201, 43.8112])  in:  tensor([29.2570, 34.6980, 43.8100]) RMSD  0.04462978781616173
^^--> 0 C5' res C group 1 compare  tensor([28.9442, 33.3315, 43.8697])  in:  tensor([29.0200, 33.2850, 43.9110]) RMSD  0.09803474985812043
^^--> 0 C4' res C group 2 compare  tensor([29.0432, 32.8204, 45.2770])  in:  tensor([29.1860, 32.9010, 45.3680]) RMSD  0.18755105436156336
^^--> 0 C3' res C group 3 compare  tensor([28.2744, 33.6011, 46.3183])  in:  tensor([28.4000, 33.7740, 46.3360]) RMSD  0.21442386170447944
^^--> 0 O4' res C group 3 compare  tensor([30.4250, 32.8829, 45.7250])  in:  tensor([30.5620, 33.1240, 45.7850]) RMSD  0.28376766368317846
^^--> 0 O3' res C group 4 compare  tensor([26.9170, 33.2325, 46.3764])  in:  tensor([27.0930, 33.2940, 46.3860]) RMSD  0.18663293310884319
^^--> 0 C1' res C group 5 compare  tensor([30.4588, 33.1692, 47.1058])  in:  tensor([30.6070, 33.5290, 47.1410]) RMSD  0.39065536381012433
^^--> 0 C2' res C group 6 compare  tensor([29.0205, 33.2897, 47.5860])  in:  tensor([29.1730, 33.5610, 47.6380]) RMSD  0.3155711892968387
^^--> 0 N1 res C group 6 compare  tensor([31.2366, 34.4157, 47.3083])  in:  tensor([31.3540, 34.8170, 47.2240]) RMSD  0.42656270331073987
^^--> 0 O2' res C group 7 compare  tensor([28.6119, 32.0385, 48.1015])  in:  tensor([28.9260, 32.3160, 48.2520]) RMSD  0.4453289631259848
^^--> 0 C2 res C group 8 compare  tensor([32.0924, 34.5011, 48.4027])  in:  tensor([32.2340, 35.0180, 48.3100]) RMSD  0.5439562154392878
^^--> 0 O2 res C group 8 compare  tensor([32.1730, 33.5390, 49.1812])  in:  tensor([32.3780, 34.1460, 49.1950]) RMSD  0.6408868115123298
^^--> 0 N3 res C group 8 compare  tensor([32.8045, 35.6317, 48.5953])  in:  tensor([32.9260, 36.1870, 48.3720]) RMSD  0.6107007546029333
^^--> 0 C4 res C group 8 compare  tensor([32.6856, 36.6535, 47.7428])  in:  tensor([32.7860, 37.1000, 47.4210]) RMSD  0.5594586166029205
^^--> 0 N4 res C group 8 compare  tensor([33.1299, 37.3024, 47.9014])  in:  tensor([33.5050, 38.2060, 47.5720]) RMSD  1.0323326900785235
^^--> 0 C5 res C group 8 compare  tensor([31.8185, 36.5922, 46.6170])  in:  tensor([31.9050, 36.9190, 46.3060]) RMSD  0.45929824161861543
^^--> 0 C6 res C group 8 compare  tensor([31.1158, 35.4660, 46.4339])  in:  tensor([31.2200, 35.7670, 46.2460]) RMSD  0.3698086018333495
^^--> 1 OP2 res G group 0 compare  tensor([26.0693, 35.6240, 46.0854])  in:  tensor([26.0700, 35.6280, 46.0840]) RMSD  0.004304716422110182
^^--> 1 P res G group 0 compare  tensor([25.8120, 34.2470, 46.5630])  in:  tensor([25.8120, 34.2470, 46.5630]) RMSD  0.0
^^--> 1 OP1 res G group 0 compare  tensor([24.6447, 33.4883, 46.0400])  in:  tensor([24.6570, 33.4790, 46.0540]) RMSD  0.020828884240769063
^^--> 1 O5' res G group 0 compare  tensor([25.7007, 34.2812, 48.1509])  in:  tensor([25.7500, 34.3420, 48.1580]) RMSD  0.07860829947662237
^^--> 1 C5' res G group 1 compare  tensor([25.6153, 33.0773, 48.8927])  in:  tensor([25.6890, 33.2050, 49.0220]) RMSD  0.19603703579177872
^^--> 1 C4' res G group 2 compare  tensor([25.9051, 33.3166, 50.3455])  in:  tensor([26.0400, 33.6400, 50.4490]) RMSD  0.36542636496717024
^^--> 1 C3' res G group 3 compare  tensor([24.9915, 34.2946, 51.0483])  in:  tensor([25.1560, 34.7120, 51.0960]) RMSD  0.45115205795561103
^^--> 1 O4' res G group 3 compare  tensor([27.2324, 33.8916, 50.4922])  in:  tensor([27.3990, 34.1860, 50.4480]) RMSD  0.3411884997042775
^^--> 1 O3' res G group 4 compare  tensor([24.8882, 34.0405, 52.4291])  in:  tensor([25.1640, 34.5760, 52.5150]) RMSD  0.6084245458790323
^^--> 1 C1' res G group 5 compare  tensor([27.1307, 35.1583, 51.1045])  in:  tensor([27.3830, 35.5220, 50.8690]) RMSD  0.5014134634229556
^^--> 1 C2' res G group 6 compare  tensor([25.6986, 35.6302, 50.9273])  in:  tensor([25.9230, 35.9630, 50.6660]) RMSD  0.4789442050449058
^^--> 1 N9 res G group 6 compare  tensor([28.1106, 36.0574, 50.4669])  in:  tensor([28.3030, 36.4230, 50.1700]) RMSD  0.5087103901845288
^^--> 1 O2' res G group 7 compare  tensor([25.4379, 36.6437, 51.8775])  in:  tensor([25.6760, 37.1070, 51.4430]) RMSD  0.6783527993666941
^^--> 1 C4 res G group 8 compare  tensor([29.2066, 36.6142, 51.0626])  in:  tensor([29.3940, 37.0690, 50.7080]) RMSD  0.6064056530944355
^^--> 1 N1 res G group 8 compare  tensor([31.3673, 37.9039, 51.7144])  in:  tensor([31.5150, 38.5120, 51.2550]) RMSD  0.7763121003574577
^^--> 1 C2 res G group 8 compare  tensor([30.6880, 37.1215, 52.6205])  in:  tensor([30.9530, 37.6980, 52.2010]) RMSD  0.7606033374770329
^^--> 1 N2 res G group 8 compare  tensor([30.6838, 37.0034, 52.9564])  in:  tensor([31.5700, 37.7040, 53.3970]) RMSD  1.2125097589001754
^^--> 1 N3 res G group 8 compare  tensor([29.5895, 36.4522, 52.3477])  in:  tensor([29.8730, 36.9420, 51.9770]) RMSD  0.676574373911912
^^--> 1 C5 res G group 8 compare  tensor([29.8101, 37.3720, 50.0749])  in:  tensor([29.8890, 37.8630, 49.6960]) RMSD  0.625208295444825
^^--> 1 C6 res G group 8 compare  tensor([30.9891, 38.0825, 50.3906])  in:  tensor([31.0290, 38.6550, 49.9610]) RMSD  0.716839448667563
^^--> 1 O6 res G group 8 compare  tensor([31.0800, 38.2639, 50.0458])  in:  tensor([31.6080, 39.4270, 49.1920]) RMSD  1.5364504108116939
^^--> 1 N7 res G group 8 compare  tensor([29.1037, 37.2869, 48.8924])  in:  tensor([29.1300, 37.7590, 48.5400]) RMSD  0.5897691439504542
^^--> 1 C8 res G group 8 compare  tensor([28.0977, 36.4943, 49.1663])  in:  tensor([28.2070, 36.8950, 48.8760]) RMSD  0.5067677534688714
^^--> 2 OP2 res C group 0 compare  tensor([23.4969, 34.3130, 54.3619])  in:  tensor([23.4940, 34.3160, 54.3660]) RMSD  0.005908090823363339
^^--> 2 P res C group 0 compare  tensor([24.2310, 33.5510, 53.3270])  in:  tensor([24.2310, 33.5510, 53.3270]) RMSD  0.0
^^--> 2 OP1 res C group 0 compare  tensor([23.4798, 32.7312, 52.3395])  in:  tensor([23.5700, 32.7100, 52.3050]) RMSD  0.09887635972586696
^^--> 2 O5' res C group 0 compare  tensor([25.2787, 32.5991, 54.0559])  in:  tensor([25.2090, 32.6450, 54.2110]) RMSD  0.176076984648262
^^--> 2 C5' res C group 1 compare  tensor([26.3952, 32.0846, 53.3520])  in:  tensor([26.4140, 32.0770, 53.6970]) RMSD  0.34556793543721387
^^--> 2 C4' res C group 2 compare  tensor([27.4923, 33.1042, 53.2603])  in:  tensor([27.5990, 33.0440, 53.6420]) RMSD  0.4008992755654028
^^--> 2 C3' res C group 3 compare  tensor([28.8627, 32.6403, 53.6983])  in:  tensor([28.8900, 32.5700, 54.2730]) RMSD  0.5796199748973354
^^--> 2 O4' res C group 3 compare  tensor([27.1931, 34.2260, 54.1355])  in:  tensor([27.4150, 34.2470, 54.4130]) RMSD  0.35592479586012965
^^--> 2 O3' res C group 4 compare  tensor([29.4326, 31.7171, 52.8013])  in:  tensor([29.4300, 31.5730, 53.5050]) RMSD  0.718294455419525
^^--> 2 C1' res C group 5 compare  tensor([28.3675, 34.9754, 54.3571])  in:  tensor([28.6750, 34.8540, 54.6150]) RMSD  0.4193071878756025
^^--> 2 C2' res C group 6 compare  tensor([29.5382, 34.1653, 53.8211])  in:  tensor([29.7140, 33.8420, 54.1740]) RMSD  0.509851558063188
^^--> 2 N1 res C group 6 compare  tensor([28.4806, 35.2534, 55.8095])  in:  tensor([28.7760, 35.2190, 56.0420]) RMSD  0.37753807892649055
^^--> 2 O2' res C group 7 compare  tensor([29.8543, 34.6342, 52.5256])  in:  tensor([30.1240, 34.1340, 52.8640]) RMSD  0.6613814141512756
^^--> 2 C2 res C group 8 compare  tensor([29.4087, 36.1967, 56.2408])  in:  tensor([29.8050, 36.0720, 56.4760]) RMSD  0.47744235130149426
^^--> 2 O2 res C group 8 compare  tensor([30.1201, 36.7696, 55.4019])  in:  tensor([30.6330, 36.4990, 55.6470]) RMSD  0.6296337966168128
^^--> 2 N3 res C group 8 compare  tensor([29.5188, 36.4565, 57.5611])  in:  tensor([29.8750, 36.4010, 57.8030]) RMSD  0.4341851745890237
^^--> 2 C4 res C group 8 compare  tensor([28.7439, 35.8131, 58.4389])  in:  tensor([28.9720, 35.9200, 58.6590]) RMSD  0.3345225276103893
^^--> 2 N4 res C group 8 compare  tensor([28.8480, 36.0033, 59.2113])  in:  tensor([29.0760, 36.2800, 59.9350]) RMSD  0.8076653056818754
^^--> 2 C5 res C group 8 compare  tensor([27.7878, 34.8448, 58.0247])  in:  tensor([27.9260, 35.0520, 58.2430]) RMSD  0.3311590744679978
^^--> 2 C6 res C group 8 compare  tensor([27.6857, 34.5937, 56.7124])  in:  tensor([27.8740, 34.7270, 56.9440]) RMSD  0.32692747482625606
RMSD avg  0.42954029760109963 +/- 0.2967365464783484 median 0.42656270331073987 ( 0.0 , 1.5364504108116939 )
         [-0.2181, -0.9759],
         [ 0.0000,  0.0000],
         [ 0.0000,  0.0000],
         [ 0.0000,  0.0000],
         [ 0.0000,  0.0000],
         [ 0.0000,  0.0000]]])
^^--> 0 OP2 res C group 0 compare  tensor([29.6149, 36.8916, 42.6567])  in:  tensor([29.6170, 36.8990, 42.6580]) RMSD  0.007772309705796946
^^--> 0 P res C group 0 compare  tensor([29.2080, 35.4890, 42.4170])  in:  tensor([29.2080, 35.4890, 42.4170]) RMSD  0.0
^^--> 0 OP1 res C group 0 compare  tensor([27.9134, 35.1985, 41.7453])  in:  tensor([27.9210, 35.1900, 41.7490]) RMSD  0.012052882371101092
^^--> 0 O5' res C group 0 compare  tensor([29.2183, 34.7201, 43.8112])  in:  tensor([29.2570, 34.6980, 43.8100]) RMSD  0.04462978781616173
^^--> 0 C5' res C group 1 compare  tensor([28.9442, 33.3315, 43.8697])  in:  tensor([29.0200, 33.2850, 43.9110]) RMSD  0.09803474985812043
^^--> 0 C4' res C group 2 compare  tensor([29.0432, 32.8204, 45.2770])  in:  tensor([29.1860, 32.9010, 45.3680]) RMSD  0.18755105436156336
^^--> 0 C3' res C group 3 compare  tensor([28.2744, 33.6011, 46.3183])  in:  tensor([28.4000, 33.7740, 46.3360]) RMSD  0.21442386170447944
^^--> 0 O4' res C group 3 compare  tensor([30.4250, 32.8829, 45.7250])  in:  tensor([30.5620, 33.1240, 45.7850]) RMSD  0.28376766368317846
^^--> 0 O3' res C group 4 compare  tensor([26.9170, 33.2325, 46.3764])  in:  tensor([27.0930, 33.2940, 46.3860]) RMSD  0.18663293310884319
^^--> 0 C1' res C group 5 compare  tensor([30.4588, 33.1692, 47.1058])  in:  tensor([30.6070, 33.5290, 47.1410]) RMSD  0.39065536381012433
^^--> 0 C2' res C group 6 compare  tensor([29.0205, 33.2897, 47.5860])  in:  tensor([29.1730, 33.5610, 47.6380]) RMSD  0.3155711892968387
^^--> 0 N1 res C group 6 compare  tensor([31.2366, 34.4157, 47.3083])  in:  tensor([31.3540, 34.8170, 47.2240]) RMSD  0.42656270331073987
^^--> 0 O2' res C group 7 compare  tensor([28.6119, 32.0385, 48.1015])  in:  tensor([28.9260, 32.3160, 48.2520]) RMSD  0.4453289631259848
^^--> 0 C2 res C group 8 compare  tensor([32.0924, 34.5011, 48.4027])  in:  tensor([32.2340, 35.0180, 48.3100]) RMSD  0.5439562154392878
^^--> 0 O2 res C group 8 compare  tensor([32.1730, 33.5390, 49.1812])  in:  tensor([32.3780, 34.1460, 49.1950]) RMSD  0.6408868115123298
^^--> 0 N3 res C group 8 compare  tensor([32.8045, 35.6317, 48.5953])  in:  tensor([32.9260, 36.1870, 48.3720]) RMSD  0.6107007546029333
^^--> 0 C4 res C group 8 compare  tensor([32.6856, 36.6535, 47.7428])  in:  tensor([32.7860, 37.1000, 47.4210]) RMSD  0.5594586166029205
^^--> 0 N4 res C group 8 compare  tensor([33.1299, 37.3024, 47.9014])  in:  tensor([33.5050, 38.2060, 47.5720]) RMSD  1.0323326900785235
^^--> 0 C5 res C group 8 compare  tensor([31.8185, 36.5922, 46.6170])  in:  tensor([31.9050, 36.9190, 46.3060]) RMSD  0.45929824161861543
^^--> 0 C6 res C group 8 compare  tensor([31.1158, 35.4660, 46.4339])  in:  tensor([31.2200, 35.7670, 46.2460]) RMSD  0.3698086018333495
^^--> 1 OP2 res G group 0 compare  tensor([26.0693, 35.6240, 46.0854])  in:  tensor([26.0700, 35.6280, 46.0840]) RMSD  0.004304716422110182
^^--> 1 P res G group 0 compare  tensor([25.8120, 34.2470, 46.5630])  in:  tensor([25.8120, 34.2470, 46.5630]) RMSD  0.0
^^--> 1 OP1 res G group 0 compare  tensor([24.6447, 33.4883, 46.0400])  in:  tensor([24.6570, 33.4790, 46.0540]) RMSD  0.020828884240769063
^^--> 1 O5' res G group 0 compare  tensor([25.7007, 34.2812, 48.1509])  in:  tensor([25.7500, 34.3420, 48.1580]) RMSD  0.07860829947662237
^^--> 1 C5' res G group 1 compare  tensor([25.6153, 33.0773, 48.8927])  in:  tensor([25.6890, 33.2050, 49.0220]) RMSD  0.19603703579177872
^^--> 1 C4' res G group 2 compare  tensor([25.9051, 33.3166, 50.3455])  in:  tensor([26.0400, 33.6400, 50.4490]) RMSD  0.36542636496717024
^^--> 1 C3' res G group 3 compare  tensor([24.9915, 34.2946, 51.0483])  in:  tensor([25.1560, 34.7120, 51.0960]) RMSD  0.45115205795561103
^^--> 1 O4' res G group 3 compare  tensor([27.2324, 33.8916, 50.4922])  in:  tensor([27.3990, 34.1860, 50.4480]) RMSD  0.3411884997042775
^^--> 1 O3' res G group 4 compare  tensor([24.8882, 34.0405, 52.4291])  in:  tensor([25.1640, 34.5760, 52.5150]) RMSD  0.6084245458790323
^^--> 1 C1' res G group 5 compare  tensor([27.1307, 35.1583, 51.1045])  in:  tensor([27.3830, 35.5220, 50.8690]) RMSD  0.5014134634229556
^^--> 1 C2' res G group 6 compare  tensor([25.6986, 35.6302, 50.9273])  in:  tensor([25.9230, 35.9630, 50.6660]) RMSD  0.4789442050449058
^^--> 1 N9 res G group 6 compare  tensor([28.1106, 36.0574, 50.4669])  in:  tensor([28.3030, 36.4230, 50.1700]) RMSD  0.5087103901845288
^^--> 1 O2' res G group 7 compare  tensor([25.4379, 36.6437, 51.8775])  in:  tensor([25.6760, 37.1070, 51.4430]) RMSD  0.6783527993666941
^^--> 1 C4 res G group 8 compare  tensor([29.2066, 36.6142, 51.0626])  in:  tensor([29.3940, 37.0690, 50.7080]) RMSD  0.6064056530944355
^^--> 1 N1 res G group 8 compare  tensor([31.3673, 37.9039, 51.7144])  in:  tensor([31.5150, 38.5120, 51.2550]) RMSD  0.7763121003574577
^^--> 1 C2 res G group 8 compare  tensor([30.6880, 37.1215, 52.6205])  in:  tensor([30.9530, 37.6980, 52.2010]) RMSD  0.7606033374770329
^^--> 1 N2 res G group 8 compare  tensor([30.6838, 37.0034, 52.9564])  in:  tensor([31.5700, 37.7040, 53.3970]) RMSD  1.2125097589001754
^^--> 1 N3 res G group 8 compare  tensor([29.5895, 36.4522, 52.3477])  in:  tensor([29.8730, 36.9420, 51.9770]) RMSD  0.676574373911912
^^--> 1 C5 res G group 8 compare  tensor([29.8101, 37.3720, 50.0749])  in:  tensor([29.8890, 37.8630, 49.6960]) RMSD  0.625208295444825
^^--> 1 C6 res G group 8 compare  tensor([30.9891, 38.0825, 50.3906])  in:  tensor([31.0290, 38.6550, 49.9610]) RMSD  0.716839448667563
^^--> 1 O6 res G group 8 compare  tensor([31.0800, 38.2639, 50.0458])  in:  tensor([31.6080, 39.4270, 49.1920]) RMSD  1.5364504108116939
^^--> 1 N7 res G group 8 compare  tensor([29.1037, 37.2869, 48.8924])  in:  tensor([29.1300, 37.7590, 48.5400]) RMSD  0.5897691439504542
^^--> 1 C8 res G group 8 compare  tensor([28.0977, 36.4943, 49.1663])  in:  tensor([28.2070, 36.8950, 48.8760]) RMSD  0.5067677534688714
^^--> 2 OP2 res C group 0 compare  tensor([23.4969, 34.3130, 54.3619])  in:  tensor([23.4940, 34.3160, 54.3660]) RMSD  0.005908090823363339
^^--> 2 P res C group 0 compare  tensor([24.2310, 33.5510, 53.3270])  in:  tensor([24.2310, 33.5510, 53.3270]) RMSD  0.0
^^--> 2 OP1 res C group 0 compare  tensor([23.4798, 32.7312, 52.3395])  in:  tensor([23.5700, 32.7100, 52.3050]) RMSD  0.09887635972586696
^^--> 2 O5' res C group 0 compare  tensor([25.2787, 32.5991, 54.0559])  in:  tensor([25.2090, 32.6450, 54.2110]) RMSD  0.176076984648262
^^--> 2 C5' res C group 1 compare  tensor([26.3952, 32.0846, 53.3520])  in:  tensor([26.4140, 32.0770, 53.6970]) RMSD  0.34556793543721387
^^--> 2 C4' res C group 2 compare  tensor([27.4923, 33.1042, 53.2603])  in:  tensor([27.5990, 33.0440, 53.6420]) RMSD  0.4008992755654028
^^--> 2 C3' res C group 3 compare  tensor([28.8627, 32.6403, 53.6983])  in:  tensor([28.8900, 32.5700, 54.2730]) RMSD  0.5796199748973354
^^--> 2 O4' res C group 3 compare  tensor([27.1931, 34.2260, 54.1355])  in:  tensor([27.4150, 34.2470, 54.4130]) RMSD  0.35592479586012965
^^--> 2 O3' res C group 4 compare  tensor([29.4326, 31.7171, 52.8013])  in:  tensor([29.4300, 31.5730, 53.5050]) RMSD  0.718294455419525
^^--> 2 C1' res C group 5 compare  tensor([28.3675, 34.9754, 54.3571])  in:  tensor([28.6750, 34.8540, 54.6150]) RMSD  0.4193071878756025
^^--> 2 C2' res C group 6 compare  tensor([29.5382, 34.1653, 53.8211])  in:  tensor([29.7140, 33.8420, 54.1740]) RMSD  0.509851558063188
^^--> 2 N1 res C group 6 compare  tensor([28.4806, 35.2534, 55.8095])  in:  tensor([28.7760, 35.2190, 56.0420]) RMSD  0.37753807892649055
^^--> 2 O2' res C group 7 compare  tensor([29.8543, 34.6342, 52.5256])  in:  tensor([30.1240, 34.1340, 52.8640]) RMSD  0.6613814141512756
^^--> 2 C2 res C group 8 compare  tensor([29.4087, 36.1967, 56.2408])  in:  tensor([29.8050, 36.0720, 56.4760]) RMSD  0.47744235130149426
^^--> 2 O2 res C group 8 compare  tensor([30.1201, 36.7696, 55.4019])  in:  tensor([30.6330, 36.4990, 55.6470]) RMSD  0.6296337966168128
^^--> 2 N3 res C group 8 compare  tensor([29.5188, 36.4565, 57.5611])  in:  tensor([29.8750, 36.4010, 57.8030]) RMSD  0.4341851745890237
^^--> 2 C4 res C group 8 compare  tensor([28.7439, 35.8131, 58.4389])  in:  tensor([28.9720, 35.9200, 58.6590]) RMSD  0.3345225276103893
^^--> 2 N4 res C group 8 compare  tensor([28.8480, 36.0033, 59.2113])  in:  tensor([29.0760, 36.2800, 59.9350]) RMSD  0.8076653056818754
^^--> 2 C5 res C group 8 compare  tensor([27.7878, 34.8448, 58.0247])  in:  tensor([27.9260, 35.0520, 58.2430]) RMSD  0.3311590744679978
^^--> 2 C6 res C group 8 compare  tensor([27.6857, 34.5937, 56.7124])  in:  tensor([27.8740, 34.7270, 56.9440]) RMSD  0.32692747482625606
RMSD avg  0.42954029760109963 +/- 0.2967365464783484 median 0.42656270331073987 ( 0.0 , 1.5364504108116939 )
